22:46:35 **** Incremental Build of configuration Debug for project Hello_World ****
/Applications/ModusToolbox/tools_2.4/modus-shell/bin/make CY_MAKE_IDE=eclipse CY_MAKE_IDE_VERSION=2.4 CY_IDE_TOOLS_DIR=/Applications/ModusToolbox/tools_2.4 -j7 all 
Tools Directory: /Applications/ModusToolbox/tools_2.4
CY8CPROTO-063-BLE.mk: ./libs/TARGET_CY8CPROTO-063-BLE/CY8CPROTO-063-BLE.mk
Log file= "/private/var/folders/1l/p85xtmg15clcrj5m1s3m5myr0000gn/T/device-configurator-cli/device-configurator-cli-20220927.224636.523-66864.log"
Command line= "/Applications/ModusToolbox/tools_2.4/device-configurator/device-configurator.app/Contents/MacOS/device-configurator-cli --library ../mtb_shared/mtb-pdl-cat1/release-v2.4.1/devicesupport.xml --build ./libs/TARGET_CY8CPROTO-063-BLE/COMPONENT_BSP_DESIGN_MODUS/design.modus --check-mcu=CYBLE-416045-02 --check-coprocessors= --readonly --skip-build"

Prebuild operations complete
Commencing build operations...

Tools Directory: /Applications/ModusToolbox/tools_2.4
CY8CPROTO-063-BLE.mk: ./libs/TARGET_CY8CPROTO-063-BLE/CY8CPROTO-063-BLE.mk

Initializing build: mtb-example-psoc6-hello-world Debug CY8CPROTO-063-BLE GCC_ARM

Auto-discovery in progress...
-> Found 205 .c file(s)
-> Found 46 .S file(s)
-> Found 22 .s file(s)
-> Found 0 .cpp file(s)
-> Found 0 .o file(s)
-> Found 0 .a file(s)
-> Found 558 .h file(s)
-> Found 0 .hpp file(s)
-> Found 0 resource file(s)
Applying filters...
Auto-discovery complete

Constructing build rules...
Build rules construction complete

==============================================================================
= Building application =
==============================================================================
Generating compilation database file...
-> ./build/compile_commands.json
Compilation database file generation complete
Building 178 file(s)
Compiling main.c -DCY_USING_HAL -DCY_APPNAME_mtb_example_psoc6_hello_world -DCYBLE_416045_02 -DCY_TARGET_DEVICE=CYBLE_416045_02 -DTARGET_CY8CPROTO_063_BLE -DCY_TARGET_BOARD=CY8CPROTO_063_BLE -DCOMPONENT_BLESS_IPC -DCOMPONENT_BSP_DESIGN_MODUS -DCOMPONENT_CAT1 -DCOMPONENT_CAT1A -DCOMPONENT_CM0P_SLEEP -DCOMPONENT_CM4 -DCOMPONENT_CY8CPROTO_063_BLE -DCOMPONENT_PSOC6HAL -DCOMPONENT_SOFTFP -DDEBUG  -DCY_SUPPORTS_DEVICE_VALIDATION -I. -I../mtb_shared/core-lib/release-v1.3.0 -I../mtb_shared/core-lib/release-v1.3.0/include -I../mtb_shared/mtb-hal-cat1/release-v2.1.0 -I../mtb_shared/mtb-hal-cat1/release-v2.1.0/COMPONENT_CAT1A -I../mtb_shared/mtb-hal-cat1/release-v2.1.0/COMPONENT_CAT1A/include -I../mtb_shared/mtb-hal-cat1/release-v2.1.0/COMPONENT_CAT1A/include/pin_packages -I../mtb_shared/mtb-hal-cat1/release-v2.1.0/COMPONENT_CAT1A/include/triggers -I../mtb_shared/mtb-hal-cat1/release-v2.1.0/include -I../mtb_shared/mtb-hal-cat1/release-v2.1.0/include_pvt -I../mtb_shared/mtb-hal-cat1/release-v2.1.0/source -I../mtb_shared/mtb-pdl-cat1/release-v2.4.1 -I../mtb_shared/mtb-pdl-cat1/release-v2.4.1/cmsis -I../mtb_shared/mtb-pdl-cat1/release-v2.4.1/cmsis/include -I../mtb_shared/mtb-pdl-cat1/release-v2.4.1/devices -I../mtb_shared/mtb-pdl-cat1/release-v2.4.1/devices/COMPONENT_CAT1A -I../mtb_shared/mtb-pdl-cat1/release-v2.4.1/devices/COMPONENT_CAT1A/include -I../mtb_shared/mtb-pdl-cat1/release-v2.4.1/devices/COMPONENT_CAT1A/include/ip -I../mtb_shared/mtb-pdl-cat1/release-v2.4.1/drivers -I../mtb_shared/mtb-pdl-cat1/release-v2.4.1/drivers/include -I../mtb_shared/retarget-io/release-v1.3.0 -I./libs -I./libs/TARGET_CY8CPROTO-063-BLE -I./libs/TARGET_CY8CPROTO-063-BLE/COMPONENT_BSP_DESIGN_MODUS -I./libs/TARGET_CY8CPROTO-063-BLE/COMPONENT_BSP_DESIGN_MODUS/GeneratedSource -I./libs/TARGET_CY8CPROTO-063-BLE/bluetooth
    Linking output file mtb-example-psoc6-hello-world.elf
==============================================================================
= Build complete =
==============================================================================

Calculating memory consumption: CYBLE-416045-02 GCC_ARM -Og

   ---------------------------------------------------- 
  | Section Name         |  Address      |  Size       | 
   ---------------------------------------------------- 
  | .cy_m0p_image        |  0x10000000   |  6420       | 
  | .text                |  0x10002000   |  43608      | 
  | .ARM.exidx           |  0x1000ca58   |  8          | 
  | .copy.table          |  0x1000ca60   |  24         | 
  | .zero.table          |  0x1000ca78   |  8          | 
  | .data                |  0x0800228c   |  1580       | 
  | .cy_sharedmem        |  0x080028b8   |  12         | 
  | .noinit              |  0x080028c8   |  148        | 
  | .bss                 |  0x0800295c   |  1160       | 
  | .heap                |  0x08002de8   |  277016     | 
   ---------------------------------------------------- 

  Total Internal Flash (Available)          1048576    
  Total Internal Flash (Utilized)           53440      

  Total Internal SRAM (Available)           292864     
  Total Internal SRAM (Utilized with heap)  279916     

  

22:46:38 Build Finished. 0 errors, 0 warnings. (took 2s.649ms)

